<?xml version="1.0" encoding="UTF-8"?>
<testsuites name="jest tests" tests="4" failures="0" errors="0" time="1.284">
  <testsuite name="Test Feedback" errors="0" failures="0" skipped="0" timestamp="2024-07-02T15:02:49" time="1.062" tests="4">
    <testcase classname="Test Feedback Should handle success feedback with default message" name="Test Feedback Should handle success feedback with default message" time="0.018">
    </testcase>
    <testcase classname="Test Feedback Should handle success feedback with custom message" name="Test Feedback Should handle success feedback with custom message" time="0.002">
    </testcase>
    <testcase classname="Test Feedback Should handle error feedback with default message" name="Test Feedback Should handle error feedback with default message" time="0.003">
    </testcase>
    <testcase classname="Test Feedback Should handle error feedback with custom message" name="Test Feedback Should handle error feedback with custom message" time="0.002">
    </testcase>
  </testsuite>
</testsuites>